<?xml version="1.0" encoding="UTF-8"?>
<!-- Generated by org.testng.reporters.JUnitReportReporter -->
<testsuite name="restProj.restAutomation.restAddAndDeletePlace" tests="1" time="2.536" ignored="0" failures="0" timestamp="12 Jul 2018 13:22:44 GMT" skipped="0" hostname="IND-TJaiswal" errors="0">
  <testcase name="addAndDelete" time="2.536" classname="restProj.restAutomation.restAddAndDeletePlace"/>
</testsuite> <!-- restProj.restAutomation.restAddAndDeletePlace -->
