<?xml version="1.0" encoding="UTF-8"?>
<!-- Generated by org.testng.reporters.JUnitReportReporter -->
<testsuite name="restProj.restAutomation.restPostDatByXml" tests="1" time="3.842" ignored="0" failures="0" timestamp="12 Jul 2018 13:18:35 GMT" skipped="0" hostname="IND-TJaiswal" errors="0">
  <testcase name="postDataByXML" time="3.842" classname="restProj.restAutomation.restPostDatByXml"/>
</testsuite> <!-- restProj.restAutomation.restPostDatByXml -->
