<?xml version="1.0" encoding="UTF-8"?>
<!-- Generated by org.testng.reporters.JUnitReportReporter -->
<testsuite name="com.jira.rest.test.CreateBulkIssue" tests="2" time="2.200" ignored="0" failures="0" timestamp="15 Jul 2018 14:47:16 GMT" skipped="0" hostname="IND-TJaiswal" errors="0">
  <testcase name="createBulkIssues" time="2.074" classname="com.jira.rest.test.CreateBulkIssue"/>
  <testcase name="getAllIssues" time="0.126" classname="com.jira.rest.test.CreateBulkIssue"/>
</testsuite> <!-- com.jira.rest.test.CreateBulkIssue -->
