<?xml version="1.0" encoding="UTF-8"?>
<!-- Generated by org.testng.reporters.JUnitReportReporter -->
<testsuite name="com.jira.rest.test.AssignBugToUser" tests="1" time="2.085" ignored="0" failures="0" timestamp="15 Jul 2018 17:03:40 GMT" skipped="0" hostname="IND-TJaiswal" errors="0">
  <testcase name="assignBug" time="2.085" classname="com.jira.rest.test.AssignBugToUser"/>
</testsuite> <!-- com.jira.rest.test.AssignBugToUser -->
