<?xml version="1.0" encoding="UTF-8"?>
<!-- Generated by org.testng.reporters.JUnitReportReporter -->
<testsuite name="com.jira.rest.test.CreateJiraSession" tests="1" time="1.962" ignored="0" failures="0" timestamp="13 Jul 2018 12:25:00 GMT" skipped="0" hostname="IND-TJaiswal" errors="0">
  <testcase name="setSession" time="1.962" classname="com.jira.rest.test.CreateJiraSession"/>
</testsuite> <!-- com.jira.rest.test.CreateJiraSession -->
