<?xml version="1.0" encoding="UTF-8"?>
<!-- Generated by org.testng.reporters.JUnitReportReporter -->
<testsuite name="restProj.restAutomation.restPost" tests="1" time="5.085" ignored="0" failures="0" timestamp="12 Jul 2018 05:55:21 GMT" skipped="0" hostname="IND-TJaiswal" errors="0">
  <testcase name="restPostReq" time="5.085" classname="restProj.restAutomation.restPost"/>
</testsuite> <!-- restProj.restAutomation.restPost -->
