<?xml version="1.0" encoding="UTF-8"?>
<!-- Generated by org.testng.reporters.JUnitReportReporter -->
<testsuite name="com.jira.rest.test.CreateJiraIssue" tests="1" time="2.173" ignored="0" failures="0" timestamp="14 Jul 2018 04:29:00 GMT" skipped="0" hostname="IND-TJaiswal" errors="0">
  <testcase name="createIssue" time="2.173" classname="com.jira.rest.test.CreateJiraIssue"/>
</testsuite> <!-- com.jira.rest.test.CreateJiraIssue -->
