<?xml version="1.0" encoding="UTF-8"?>
<!-- Generated by org.testng.reporters.JUnitReportReporter -->
<testsuite name="restProj.restAutomation.App" tests="1" time="5.570" ignored="0" failures="0" timestamp="11 Jul 2018 13:35:23 GMT" skipped="0" hostname="IND-TJaiswal" errors="0">
  <testcase name="testRest" time="5.570" classname="restProj.restAutomation.App"/>
</testsuite> <!-- restProj.restAutomation.App -->
