<?xml version="1.0" encoding="UTF-8"?>
<!-- Generated by org.testng.reporters.JUnitReportReporter -->
<testsuite name="com.jira.rest.test.GetBugComments" tests="3" time="3.751" ignored="0" failures="0" timestamp="16 Jul 2018 18:44:24 GMT" skipped="0" hostname="IND-TJaiswal" errors="0">
  <testcase name="getComments" time="3.680" classname="com.jira.rest.test.GetBugComments"/>
  <testcase name="getSingleComment" time="0.028" classname="com.jira.rest.test.GetBugComments"/>
  <testcase name="deleteComment" time="0.043" classname="com.jira.rest.test.GetBugComments"/>
</testsuite> <!-- com.jira.rest.test.GetBugComments -->
