<?xml version="1.0" encoding="UTF-8"?>
<!-- Generated by org.testng.reporters.JUnitReportReporter -->
<testsuite name="com.rest.twiter.test.TweetRetrive" tests="4" time="8.330" ignored="0" failures="0" timestamp="14 Jul 2018 18:58:32 GMT" skipped="0" hostname="IND-TJaiswal" errors="0">
  <testcase name="postNewTweet" time="1.352" classname="com.rest.twiter.test.TweetRetrive"/>
  <testcase name="deleteTweet" time="1.214" classname="com.rest.twiter.test.TweetRetrive"/>
  <testcase name="getLatestTweet" time="3.324" classname="com.rest.twiter.test.TweetRetrive"/>
  <testcase name="deleteAllTweets" time="2.440" classname="com.rest.twiter.test.TweetRetrive"/>
</testsuite> <!-- com.rest.twiter.test.TweetRetrive -->
